============================= test session starts ==============================
platform darwin -- Python 3.11.15, pytest-9.0.2, pluggy-1.6.0
rootdir: /Users/pcloffice/pcl/_worktrees/edna-1a61fede-41cb9170
configfile: pyproject.toml
testpaths: tests
plugins: anyio-4.12.1, xdist-3.8.0, split-0.11.0, asyncio-1.3.0
asyncio: mode=Mode.STRICT, debug=False, asyncio_default_fixture_loop_scope=None, asyncio_default_test_loop_scope=function
created: 28/28 workers
28 workers [23509 items]

........................................................................ [  0%]
........................................................................ [  0%]
........................................................................ [  0%]
........................................................................ [  1%]
........................................................................ [  1%]
........................................................................ [  1%]
......F................................F................................ [  2%]
........................................................................ [  2%]
........................................................................ [  2%]
................F...........................F........................... [  3%]
F....................................................................... [  3%]
........................................................................ [  3%]
........................................................................ [  3%]
........................................................................ [  4%]
................s.........................s............................. [  4%]
..s....................................................F................ [  4%]
.....................................F...........................F...... [  5%]
......................F................................................. [  5%]
...........................................................F............ [  5%]
...........................................F............................ [  6%]
........................................................................ [  6%]
........................................................................ [  6%]
........................................................................ [  7%]
........................................................................ [  7%]
........................................................................ [  7%]
........................................................................ [  7%]
........................................................................ [  8%]
........................................................................ [  8%]
.....s......................s........................................... [  8%]
...........s...........F.....F.............s........F...F............... [  9%]
.......F......F....................F.....F......................F....... [  9%]
.F................F...........................F......................... [  9%]
..F............................F...........................F............ [ 10%]
...............F.............................F.......................... [ 10%]
F...........................F............................F.............. [ 10%]
..............F............................F.........................F.. [ 11%]
.........................F.............................................. [ 11%]
........................................................................ [ 11%]
........................................................................ [ 11%]
.................................F...................................... [ 12%]
........................................................................ [ 12%]
.F...........................F............................F............. [ 12%]
................F....................................................... [ 13%]
........................................................................ [ 13%]
........................................................................ [ 13%]
..........................................................s............. [ 14%]
..............s..........................s.............................. [ 14%]
........................................................................ [ 14%]
.........................F...................................s.......... [ 15%]
...............s..........................s............................. [ 15%]
........................................................................ [ 15%]
.........F........................F..................................... [ 15%]
........................................................................ [ 16%]
...........................F..............................F............. [ 16%]
........................................................................ [ 16%]
.............................F............................F............. [ 17%]
.............F........................F........................F........ [ 17%]
........................................................................ [ 17%]
.......F.....................F..............................F........... [ 18%]
................F...........................F....................F...... [ 18%]
........................F...........................F...........F....... [ 18%]
.........F................s...........F............s..............F....s [ 18%]
.........................F.s........................sFF................. [ 19%]
.........sF.......................F..s..........................s....... [ 19%]
......................s............................s.................... [ 19%]
..F.s.........................s......................s.................. [ 20%]
........s....................s............................s...F......... [ 20%]
..............s..........................s.....F....................s... [ 20%]
....................s....F..........................F................... [ 21%]
......F......s...........F..........F...............F................... [ 21%]
...F...........................F.........................F.............. [ 21%]
..............Fs........................F.s.........................Fs.. [ 22%]
......................Fs..........................s..F.................. [ 22%]
.......s.F......................s..F....................s............... [ 22%]
...........s......................s.......................s............. [ 22%]
.........s.......................s...........................s.......... [ 23%]
................s.........................s...........................s. [ 23%]
..........................s.........................s................... [ 23%]
......s..........................s............................s......... [ 24%]
................s....................................................... [ 24%]
........................................................................ [ 24%]
........................................................................ [ 25%]
........................................................................ [ 25%]
........................................................................ [ 25%]
........................................................................ [ 26%]
........................................................................ [ 26%]
................................s....................................... [ 26%]
........................................................................ [ 26%]
........................................................................ [ 27%]
........................................................................ [ 27%]
........................................................................ [ 27%]
........................................................................ [ 28%]
........................................................................ [ 28%]
........................................................................ [ 28%]
........................................................................ [ 29%]
........................................................................ [ 29%]
..........................................................s............. [ 29%]
............s........................................................... [ 30%]
........................................................................ [ 30%]
........................................................................ [ 30%]
........................................................................ [ 30%]
........................................................................ [ 31%]
........................................................................ [ 31%]
....................F....................F............................F. [ 31%]
...................F.................................................... [ 32%]
.............................s.......................................... [ 32%]
........................................F........................F...... [ 32%]
...................................................F.................... [ 33%]
...................F...........................F........................ [ 33%]
.................F...........................F.......................... [ 33%]
....F................................................................... [ 33%]
........................................................................ [ 34%]
........................................................................ [ 34%]
........................................................................ [ 34%]
.........................................................F.............. [ 35%]
..........F............................................................. [ 35%]
........................................................................ [ 35%]
........................................................................ [ 36%]
........................................................................ [ 36%]
.............................................F.......................... [ 36%]
.F.............................F........................................ [ 37%]
.................F...............................F...................... [ 37%]
........................................................................ [ 37%]
........................................................................ [ 37%]
........................................................................ [ 38%]
..............................................................F......... [ 38%]
........................................................................ [ 38%]
.......................................F................................ [ 39%]
........................................................................ [ 39%]
.........................F.............................................. [ 39%]
........................................................................ [ 40%]
..........................................................ssssssssssssss [ 40%]
sssssss................................................................. [ 40%]
............F.........................F...................F.......F..... [ 41%]
.....................F...........................F...................... [ 41%]
......F...........................F..........................F.......... [ 41%]
....................F.........................F......................... [ 41%]
.F...........................F.....................................s.... [ 42%]
........................................................................ [ 42%]
..............................sssssss................................... [ 42%]
........................................................................ [ 43%]
........................................................................ [ 43%]
........................................................................ [ 43%]
........................................................................ [ 44%]
.........................................F...................F...s..F... [ 44%]
................F......F....................F.........................F. [ 44%]
............................F........................................... [ 45%]
................F.........................F.......................F..... [ 45%]
........................F..........................F.................... [ 45%]
.......F..........................F.............................F....... [ 45%]
.................F.........................F............................ [ 46%]
F....................................................................... [ 46%]
........................................................................ [ 46%]
........................................................................ [ 47%]
........................................................................ [ 47%]
........................................................................ [ 47%]
........................................................................ [ 48%]
........................................................................ [ 48%]
........................................................................ [ 48%]
........................................................................ [ 49%]
........................................................................ [ 49%]
........................................................................ [ 49%]
........................................................................ [ 49%]
........................................................................ [ 50%]
............F.........................................................F. [ 50%]
........................................................................ [ 50%]
........................................................................ [ 51%]
........................................................................ [ 51%]
........................................................................ [ 51%]
........................................................................ [ 52%]
........................................................................ [ 52%]
........................................................................ [ 52%]
........................................................................ [ 52%]
........................................................................ [ 53%]
.....................................F.................................. [ 53%]
.....................F....F.....................F.F..................... [ 53%]
............F..........................F............................F... [ 54%]
..........................F............................................. [ 54%]
........................................................................ [ 54%]
........................................................................ [ 55%]
........................................................................ [ 55%]
........................................................................ [ 55%]
........................................................................ [ 56%]
........................................................................ [ 56%]
........................................................................ [ 56%]
........................................................................ [ 56%]
........................................................................ [ 57%]
........................................................................ [ 57%]
........................................................................ [ 57%]
........................................................................ [ 58%]
..........................F.................................F........... [ 58%]
............F........................................................... [ 58%]
........................................................................ [ 59%]
................................................................ss...... [ 59%]
........................................................................ [ 59%]
........................................................................ [ 60%]
...........................................................F............ [ 60%]
...........F.........................F.................................. [ 60%]
........................................................................ [ 60%]
........................................................................ [ 61%]
........................................................................ [ 61%]
........................................................................ [ 61%]
........................................................................ [ 62%]
........................................................................ [ 62%]
.......sssss............................................................ [ 62%]
........................................................................ [ 63%]
..............................................................s......... [ 63%]
........................................................................ [ 63%]
.............................................................ssss....... [ 64%]
........................................................................ [ 64%]
......ss....................s........................................... [ 64%]
..............s........................s............................s... [ 64%]
........................................................................ [ 65%]
........................................................................ [ 65%]
........................................................................ [ 65%]
........................................................................ [ 66%]
........................................................................ [ 66%]
........................................................................ [ 66%]
........................................................................ [ 67%]
........................................................................ [ 67%]
........................................................................ [ 67%]
.F.........................F.........................F.................. [ 67%]
.....F.................................................................. [ 68%]
........................................................................ [ 68%]
........................................................................ [ 68%]
........................................................................ [ 69%]
........................................................................ [ 69%]
........................................................................ [ 69%]
........................................................................ [ 70%]
........................................................................ [ 70%]
........................................................................ [ 70%]
........................................................................ [ 71%]
........................................................................ [ 71%]
..................sssssssss............................................. [ 71%]
........................................................................ [ 71%]
........................................................................ [ 72%]
........................................................................ [ 72%]
........................................................................ [ 72%]
.........................................F.............................. [ 73%]
........................................................................ [ 73%]
........................................................................ [ 73%]
......................F.......................F......................F.. [ 74%]
....................F.......ssssssssssssssssssssss................F..... [ 74%]
...................F.......................F......................F..... [ 74%]
...................F.....................F........................F..... [ 75%]
...................F........................F.......................F... [ 75%]
........................................................................ [ 75%]
........................................................................ [ 75%]
........................................................................ [ 76%]
........................................................................ [ 76%]
........................................................................ [ 76%]
........................................................................ [ 77%]
........................................................................ [ 77%]
........................................................................ [ 77%]
........................................................x............... [ 78%]
..............F..........................F..........................F... [ 78%]
........................F............................................... [ 78%]
........................................................................ [ 79%]
........................................................................ [ 79%]
.............................................x.......................... [ 79%]
........................................F............................... [ 79%]
........................................................................ [ 80%]
........................................................................ [ 80%]
........................................................................ [ 80%]
........................................................................ [ 81%]
........................................................................ [ 81%]
........................................................................ [ 81%]
........................................................................ [ 82%]
........................................................................ [ 82%]
........................................................................ [ 82%]
........................................................................ [ 82%]
....F................................................................... [ 83%]
...............................................................F........ [ 83%]
........................................................................ [ 83%]
........................................................................ [ 84%]
........................................................................ [ 84%]
........................................................................ [ 84%]
..................F.........................s....F...................... [ 85%]
.....F.................................................................. [ 85%]
........................................................................ [ 85%]
........................................................................ [ 86%]
....................................................s................... [ 86%]
..........................................................s............. [ 86%]
........................................................................ [ 86%]
.....F............................F..........................F.......... [ 87%]
........................................................................ [ 87%]
.................................................F............s......... [ 87%]
........F.........s............................s...................F.... [ 88%]
........................................................................ [ 88%]
........................................................................ [ 88%]
........................................................................ [ 89%]
....................................................s................... [ 89%]
....s................................................................... [ 89%]
........................................................................ [ 90%]
........................................................................ [ 90%]
...........................................s............................ [ 90%]
........................................................................ [ 90%]
........................................................................ [ 91%]
........................................................................ [ 91%]
........................................................................ [ 91%]
........................................................................ [ 92%]
........................................................................ [ 92%]
........................................................................ [ 92%]
........................................................................ [ 93%]
............................................s........................... [ 93%]
........................................................................ [ 93%]
........................................................................ [ 94%]
....sssssssssss..sss.................................................... [ 94%]
........................................................................ [ 94%]
........................................................................ [ 94%]
........................................................................ [ 95%]
.......................................................F................ [ 95%]
..........F.................sss.s....................................... [ 95%]
........................................................................ [ 96%]
........................................................................ [ 96%]
........................................................................ [ 96%]
........................................................................ [ 97%]
........................................................................ [ 97%]
.........................s..........................s................... [ 97%]
...........................................................s............ [ 98%]
.........s.........................s............................s....... [ 98%]
........................................................................ [ 98%]
........................................................................ [ 98%]
........................................................................ [ 99%]
........................................................................ [ 99%]
...............F..F..F.................................................. [ 99%]
.................................FF..                                    [100%]
==================================== ERRORS ====================================
___________________ ERROR collecting tests/acp/test_entry.py ___________________
ImportError while importing test module '/Users/pcloffice/pcl/_worktrees/edna-1a61fede-41cb9170/tests/acp/test_entry.py'.
Hint: make sure your test modules/packages have valid Python names.
Traceback:
../../../.local/share/uv/python/cpython-3.11.15-macos-aarch64-none/lib/python3.11/importlib/__init__.py:126: in import_module
    return _bootstrap._gcd_import(name[level:], package, level)
           ^^^^^^^^^^^^^^^^^^^^^^^^^^^^^^^^^^^^^^^^^^^^^^^^^^^^
tests/acp/test_entry.py:5: in <module>
    import acp
E   ModuleNotFoundError: No module named 'acp'
__________________ ERROR collecting tests/acp/test_events.py ___________________
ImportError while importing test module '/Users/pcloffice/pcl/_worktrees/edna-1a61fede-41cb9170/tests/acp/test_events.py'.
Hint: make sure your test modules/packages have valid Python names.
Traceback:
../../../.local/share/uv/python/cpython-3.11.15-macos-aarch64-none/lib/python3.11/importlib/__init__.py:126: in import_module
    return _bootstrap._gcd_import(name[level:], package, level)
           ^^^^^^^^^^^^^^^^^^^^^^^^^^^^^^^^^^^^^^^^^^^^^^^^^^^^
tests/acp/test_events.py:11: in <module>
    import acp
E   ModuleNotFoundError: No module named 'acp'
__________________ ERROR collecting tests/acp/test_mcp_e2e.py __________________
ImportError while importing test module '/Users/pcloffice/pcl/_worktrees/edna-1a61fede-41cb9170/tests/acp/test_mcp_e2e.py'.
Hint: make sure your test modules/packages have valid Python names.
Traceback:
../../../.local/share/uv/python/cpython-3.11.15-macos-aarch64-none/lib/python3.11/importlib/__init__.py:126: in import_module
    return _bootstrap._gcd_import(name[level:], package, level)
           ^^^^^^^^^^^^^^^^^^^^^^^^^^^^^^^^^^^^^^^^^^^^^^^^^^^^
tests/acp/test_mcp_e2e.py:17: in <module>
    import acp
E   ModuleNotFoundError: No module named 'acp'
________________ ERROR collecting tests/acp/test_permissions.py ________________
ImportError while importing test module '/Users/pcloffice/pcl/_worktrees/edna-1a61fede-41cb9170/tests/acp/test_permissions.py'.
Hint: make sure your test modules/packages have valid Python names.
Traceback:
../../../.local/share/uv/python/cpython-3.11.15-macos-aarch64-none/lib/python3.11/importlib/__init__.py:126: in import_module
    return _bootstrap._gcd_import(name[level:], package, level)
           ^^^^^^^^^^^^^^^^^^^^^^^^^^^^^^^^^^^^^^^^^^^^^^^^^^^^
tests/acp/test_permissions.py:8: in <module>
    from acp.schema import (
E   ModuleNotFoundError: No module named 'acp'
_____________ ERROR collecting tests/acp/test_ping_suppression.py ______________
ImportError while importing test module '/Users/pcloffice/pcl/_worktrees/edna-1a61fede-41cb9170/tests/acp/test_ping_suppression.py'.
Hint: make sure your test modules/packages have valid Python names.
Traceback:
../../../.local/share/uv/python/cpython-3.11.15-macos-aarch64-none/lib/python3.11/importlib/__init__.py:126: in import_module
    return _bootstrap._gcd_import(name[level:], package, level)
           ^^^^^^^^^^^^^^^^^^^^^^^^^^^^^^^^^^^^^^^^^^^^^^^^^^^^
tests/acp/test_ping_suppression.py:19: in <module>
    from acp.exceptions import RequestError
E   ModuleNotFoundError: No module named 'acp'
__________________ ERROR collecting tests/acp/test_server.py ___________________
ImportError while importing test module '/Users/pcloffice/pcl/_worktrees/edna-1a61fede-41cb9170/tests/acp/test_server.py'.
Hint: make sure your test modules/packages have valid Python names.
Traceback:
../../../.local/share/uv/python/cpython-3.11.15-macos-aarch64-none/lib/python3.11/importlib/__init__.py:126: in import_module
    return _bootstrap._gcd_import(name[level:], package, level)
           ^^^^^^^^^^^^^^^^^^^^^^^^^^^^^^^^^^^^^^^^^^^^^^^^^^^^
tests/acp/test_server.py:10: in <module>
    import acp
E   ModuleNotFoundError: No module named 'acp'
___________________ ERROR collecting tests/acp/test_tools.py ___________________
ImportError while importing test module '/Users/pcloffice/pcl/_worktrees/edna-1a61fede-41cb9170/tests/acp/test_tools.py'.
Hint: make sure your test modules/packages have valid Python names.
Traceback:
../../../.local/share/uv/python/cpython-3.11.15-macos-aarch64-none/lib/python3.11/importlib/__init__.py:126: in import_module
    return _bootstrap._gcd_import(name[level:], package, level)
           ^^^^^^^^^^^^^^^^^^^^^^^^^^^^^^^^^^^^^^^^^^^^^^^^^^^^
tests/acp/test_tools.py:5: in <module>
    from acp_adapter.tools import (
acp_adapter/tools.py:9: in <module>
    import acp
E   ModuleNotFoundError: No module named 'acp'
___________ ERROR collecting tests/acp_adapter/test_acp_commands.py ____________
ImportError while importing test module '/Users/pcloffice/pcl/_worktrees/edna-1a61fede-41cb9170/tests/acp_adapter/test_acp_commands.py'.
Hint: make sure your test modules/packages have valid Python names.
Traceback:
../../../.local/share/uv/python/cpython-3.11.15-macos-aarch64-none/lib/python3.11/importlib/__init__.py:126: in import_module
    return _bootstrap._gcd_import(name[level:], package, level)
           ^^^^^^^^^^^^^^^^^^^^^^^^^^^^^^^^^^^^^^^^^^^^^^^^^^^^
tests/acp_adapter/test_acp_commands.py:5: in <module>
    from acp.schema import TextContentBlock
E   ModuleNotFoundError: No module named 'acp'
____________ ERROR collecting tests/acp_adapter/test_acp_images.py _____________
ImportError while importing test module '/Users/pcloffice/pcl/_worktrees/edna-1a61fede-41cb9170/tests/acp_adapter/test_acp_images.py'.
Hint: make sure your test modules/packages have valid Python names.
Traceback:
../../../.local/share/uv/python/cpython-3.11.15-macos-aarch64-none/lib/python3.11/importlib/__init__.py:126: in import_module
    return _bootstrap._gcd_import(name[level:], package, level)
           ^^^^^^^^^^^^^^^^^^^^^^^^^^^^^^^^^^^^^^^^^^^^^^^^^^^^
tests/acp_adapter/test_acp_images.py:4: in <module>
    from acp.schema import (
E   ModuleNotFoundError: No module named 'acp'
______________ ERROR collecting tests/gateway/test_api_server.py _______________
ImportError while importing test module '/Users/pcloffice/pcl/_worktrees/edna-1a61fede-41cb9170/tests/gateway/test_api_server.py'.
Hint: make sure your test modules/packages have valid Python names.
Traceback:
../../../.local/share/uv/python/cpython-3.11.15-macos-aarch64-none/lib/python3.11/importlib/__init__.py:126: in import_module
    return _bootstrap._gcd_import(name[level:], package, level)
           ^^^^^^^^^^^^^^^^^^^^^^^^^^^^^^^^^^^^^^^^^^^^^^^^^^^^
tests/gateway/test_api_server.py:22: in <module>
    from aiohttp import web
E   ModuleNotFoundError: No module named 'aiohttp'
____________ ERROR collecting tests/gateway/test_api_server_jobs.py ____________
ImportError while importing test module '/Users/pcloffice/pcl/_worktrees/edna-1a61fede-41cb9170/tests/gateway/test_api_server_jobs.py'.
Hint: make sure your test modules/packages have valid Python names.
Traceback:
../../../.local/share/uv/python/cpython-3.11.15-macos-aarch64-none/lib/python3.11/importlib/__init__.py:126: in import_module
    return _bootstrap._gcd_import(name[level:], package, level)
           ^^^^^^^^^^^^^^^^^^^^^^^^^^^^^^^^^^^^^^^^^^^^^^^^^^^^
tests/gateway/test_api_server_jobs.py:17: in <module>
    from aiohttp import web
E   ModuleNotFoundError: No module named 'aiohttp'
_________ ERROR collecting tests/gateway/test_api_server_multimodal.py _________
ImportError while importing test module '/Users/pcloffice/pcl/_worktrees/edna-1a61fede-41cb9170/tests/gateway/test_api_server_multimodal.py'.
Hint: make sure your test modules/packages have valid Python names.
Traceback:
../../../.local/share/uv/python/cpython-3.11.15-macos-aarch64-none/lib/python3.11/importlib/__init__.py:126: in import_module
    return _bootstrap._gcd_import(name[level:], package, level)
           ^^^^^^^^^^^^^^^^^^^^^^^^^^^^^^^^^^^^^^^^^^^^^^^^^^^^
tests/gateway/test_api_server_multimodal.py:13: in <module>
    from aiohttp import web
E   ModuleNotFoundError: No module named 'aiohttp'
____________ ERROR collecting tests/gateway/test_api_server_runs.py ____________
ImportError while importing test module '/Users/pcloffice/pcl/_worktrees/edna-1a61fede-41cb9170/tests/gateway/test_api_server_runs.py'.
Hint: make sure your test modules/packages have valid Python names.
Traceback:
../../../.local/share/uv/python/cpython-3.11.15-macos-aarch64-none/lib/python3.11/importlib/__init__.py:126: in import_module
    return _bootstrap._gcd_import(name[level:], package, level)
           ^^^^^^^^^^^^^^^^^^^^^^^^^^^^^^^^^^^^^^^^^^^^^^^^^^^^
tests/gateway/test_api_server_runs.py:18: in <module>
    from aiohttp import web
E   ModuleNotFoundError: No module named 'aiohttp'
____________ ERROR collecting tests/gateway/test_webhook_adapter.py ____________
ImportError while importing test module '/Users/pcloffice/pcl/_worktrees/edna-1a61fede-41cb9170/tests/gateway/test_webhook_adapter.py'.
Hint: make sure your test modules/packages have valid Python names.
Traceback:
../../../.local/share/uv/python/cpython-3.11.15-macos-aarch64-none/lib/python3.11/importlib/__init__.py:126: in import_module
    return _bootstrap._gcd_import(name[level:], package, level)
           ^^^^^^^^^^^^^^^^^^^^^^^^^^^^^^^^^^^^^^^^^^^^^^^^^^^^
tests/gateway/test_webhook_adapter.py:26: in <module>
    from aiohttp.test_utils import TestClient, TestServer
E   ModuleNotFoundError: No module named 'aiohttp.test_utils'; 'aiohttp' is not a package
_________ ERROR collecting tests/gateway/test_webhook_deliver_only.py __________
ImportError while importing test module '/Users/pcloffice/pcl/_worktrees/edna-1a61fede-41cb9170/tests/gateway/test_webhook_deliver_only.py'.
Hint: make sure your test modules/packages have valid Python names.
Traceback:
../../../.local/share/uv/python/cpython-3.11.15-macos-aarch64-none/lib/python3.11/importlib/__init__.py:126: in import_module
    return _bootstrap._gcd_import(name[level:], package, level)
           ^^^^^^^^^^^^^^^^^^^^^^^^^^^^^^^^^^^^^^^^^^^^^^^^^^^^
tests/gateway/test_webhook_deliver_only.py:24: in <module>
    from aiohttp.test_utils import TestClient, TestServer
E   ModuleNotFoundError: No module named 'aiohttp.test_utils'; 'aiohttp' is not a package
__________ ERROR collecting tests/gateway/test_webhook_integration.py __________
ImportError while importing test module '/Users/pcloffice/pcl/_worktrees/edna-1a61fede-41cb9170/tests/gateway/test_webhook_integration.py'.
Hint: make sure your test modules/packages have valid Python names.
Traceback:
../../../.local/share/uv/python/cpython-3.11.15-macos-aarch64-none/lib/python3.11/importlib/__init__.py:126: in import_module
    return _bootstrap._gcd_import(name[level:], package, level)
           ^^^^^^^^^^^^^^^^^^^^^^^^^^^^^^^^^^^^^^^^^^^^^^^^^^^^
tests/gateway/test_webhook_integration.py:18: in <module>
    from aiohttp.test_utils import TestClient, TestServer
E   ModuleNotFoundError: No module named 'aiohttp.test_utils'; 'aiohttp' is not a package
_____ ERROR collecting tests/gateway/test_webhook_signature_rate_limit.py ______
ImportError while importing test module '/Users/pcloffice/pcl/_worktrees/edna-1a61fede-41cb9170/tests/gateway/test_webhook_signature_rate_limit.py'.
Hint: make sure your test modules/packages have valid Python names.
Traceback:
../../../.local/share/uv/python/cpython-3.11.15-macos-aarch64-none/lib/python3.11/importlib/__init__.py:126: in import_module
    return _bootstrap._gcd_import(name[level:], package, level)
           ^^^^^^^^^^^^^^^^^^^^^^^^^^^^^^^^^^^^^^^^^^^^^^^^^^^^
tests/gateway/test_webhook_signature_rate_limit.py:22: in <module>
    from aiohttp.test_utils import TestClient, TestServer
E   ModuleNotFoundError: No module named 'aiohttp.test_utils'; 'aiohttp' is not a package
_________ ERROR collecting tests/hermes_cli/test_web_oauth_dispatch.py _________
ImportError while importing test module '/Users/pcloffice/pcl/_worktrees/edna-1a61fede-41cb9170/tests/hermes_cli/test_web_oauth_dispatch.py'.
Hint: make sure your test modules/packages have valid Python names.
Traceback:
../../../.local/share/uv/python/cpython-3.11.15-macos-aarch64-none/lib/python3.11/importlib/__init__.py:126: in import_module
    return _bootstrap._gcd_import(name[level:], package, level)
           ^^^^^^^^^^^^^^^^^^^^^^^^^^^^^^^^^^^^^^^^^^^^^^^^^^^^
tests/hermes_cli/test_web_oauth_dispatch.py:27: in <module>
    from fastapi.testclient import TestClient
E   ModuleNotFoundError: No module named 'fastapi'
__________ ERROR collecting tests/integration/test_ha_integration.py ___________
ImportError while importing test module '/Users/pcloffice/pcl/_worktrees/edna-1a61fede-41cb9170/tests/integration/test_ha_integration.py'.
Hint: make sure your test modules/packages have valid Python names.
Traceback:
../../../.local/share/uv/python/cpython-3.11.15-macos-aarch64-none/lib/python3.11/importlib/__init__.py:126: in import_module
    return _bootstrap._gcd_import(name[level:], package, level)
           ^^^^^^^^^^^^^^^^^^^^^^^^^^^^^^^^^^^^^^^^^^^^^^^^^^^^
tests/integration/test_ha_integration.py:20: in <module>
    from tests.fakes.fake_ha_server import FakeHAServer, ENTITY_STATES
tests/fakes/fake_ha_server.py:26: in <module>
    from aiohttp.test_utils import TestServer
E   ModuleNotFoundError: No module named 'aiohttp.test_utils'; 'aiohttp' is not a package
________ ERROR collecting tests/plugins/test_kanban_dashboard_plugin.py ________
ImportError while importing test module '/Users/pcloffice/pcl/_worktrees/edna-1a61fede-41cb9170/tests/plugins/test_kanban_dashboard_plugin.py'.
Hint: make sure your test modules/packages have valid Python names.
Traceback:
../../../.local/share/uv/python/cpython-3.11.15-macos-aarch64-none/lib/python3.11/importlib/__init__.py:126: in import_module
    return _bootstrap._gcd_import(name[level:], package, level)
           ^^^^^^^^^^^^^^^^^^^^^^^^^^^^^^^^^^^^^^^^^^^^^^^^^^^^
tests/plugins/test_kanban_dashboard_plugin.py:17: in <module>
    from fastapi import FastAPI
E   ModuleNotFoundError: No module named 'fastapi'
____________ ERROR collecting tests/tools/test_browser_cdp_tool.py _____________
ImportError while importing test module '/Users/pcloffice/pcl/_worktrees/edna-1a61fede-41cb9170/tests/tools/test_browser_cdp_tool.py'.
Hint: make sure your test modules/packages have valid Python names.
Traceback:
../../../.local/share/uv/python/cpython-3.11.15-macos-aarch64-none/lib/python3.11/importlib/__init__.py:126: in import_module
    return _bootstrap._gcd_import(name[level:], package, level)
           ^^^^^^^^^^^^^^^^^^^^^^^^^^^^^^^^^^^^^^^^^^^^^^^^^^^^
tests/tools/test_browser_cdp_tool.py:17: in <module>
    import websockets
E   ModuleNotFoundError: No module named 'websockets'
_____ ERROR collecting tests/tools/test_browser_supervisor_healthcheck.py ______
ImportError while importing test module '/Users/pcloffice/pcl/_worktrees/edna-1a61fede-41cb9170/tests/tools/test_browser_supervisor_healthcheck.py'.
Hint: make sure your test modules/packages have valid Python names.
Traceback:
../../../.local/share/uv/python/cpython-3.11.15-macos-aarch64-none/lib/python3.11/importlib/__init__.py:126: in import_module
    return _bootstrap._gcd_import(name[level:], package, level)
           ^^^^^^^^^^^^^^^^^^^^^^^^^^^^^^^^^^^^^^^^^^^^^^^^^^^^
tests/tools/test_browser_supervisor_healthcheck.py:15: in <module>
    from tools import browser_supervisor as bs
tools/browser_supervisor.py:31: in <module>
    import websockets
E   ModuleNotFoundError: No module named 'websockets'
=================================== FAILURES ===================================
_ TestBuildAuthMethods.test_build_auth_methods_returns_provider_and_terminal_when_configured _
[gw0] darwin -- Python 3.11.15 /Users/pcloffice/pcl/_worktrees/edna-1a61fede-41cb9170/.venv/bin/python3

self = <tests.acp.test_auth.TestBuildAuthMethods object at 0x10b963950>
monkeypatch = <_pytest.monkeypatch.MonkeyPatch object at 0x116984a90>

    def test_build_auth_methods_returns_provider_and_terminal_when_configured(self, monkeypatch):
        monkeypatch.setattr("acp_adapter.auth.detect_provider", lambda: "openrouter")
    
>       methods = build_auth_methods()
                  ^^^^^^^^^^^^^^^^^^^^

tests/acp/test_auth.py:75: 
_ _ _ _ _ _ _ _ _ _ _ _ _ _ _ _ _ _ _ _ _ _ _ _ _ _ _ _ _ _ _ _ _ _ _ _ _ _ _ _ 

    def build_auth_methods() -> list[Any]:
        """Return registry-compatible ACP auth methods for Hermes.
    
        The official ACP registry validates that agents advertise at least one
        usable auth method during the initial handshake. A fresh Zed install may
        not have Hermes provider credentials configured yet, so Hermes always
        advertises a terminal setup method. When credentials are already present,
        it also advertises the resolved provider as the default agent-managed
        runtime credential method.
        """
>       from acp.schema import AuthMethodAgent, TerminalAuthMethod
E       ModuleNotFoundError: No module named 'acp.schema'

acp_adapter/auth.py:40: ModuleNotFoundError
_ TestBuildAuthMethods.test_build_auth_methods_returns_terminal_setup_when_unconfigured _
[gw0] darwin -- Python 3.11.15 /Users/pcloffice/pcl/_worktrees/edna-1a61fede-41cb9170/.venv/bin/python3

self = <tests.acp.test_auth.TestBuildAuthMethods object at 0x10b963a50>
monkeypatch = <_pytest.monkeypatch.MonkeyPatch object at 0x1166bc710>

    def test_build_auth_methods_returns_terminal_setup_when_unconfigured(self, monkeypatch):
        monkeypatch.setattr("acp_adapter.auth.detect_provider", lambda: None)
    
>       methods = build_auth_methods()
                  ^^^^^^^^^^^^^^^^^^^^

tests/acp/test_auth.py:88: 
_ _ _ _ _ _ _ _ _ _ _ _ _ _ _ _ _ _ _ _ _ _ _ _ _ _ _ _ _ _ _ _ _ _ _ _ _ _ _ _ 

    def build_auth_methods() -> list[Any]:
        """Return registry-compatible ACP auth methods for Hermes.
    
        The official ACP registry validates that agents advertise at least one
        usable auth method during the initial handshake. A fresh Zed install may
        not have Hermes provider credentials configured yet, so Hermes always
        advertises a terminal setup method. When credentials are already present,
        it also advertises the resolved provider as the default agent-managed
        runtime credential method.
        """
>       from acp.schema import AuthMethodAgent, TerminalAuthMethod
E       ModuleNotFoundError: No module named 'acp.schema'

acp_adapter/auth.py:40: ModuleNotFoundError
_______ TestRunOauthSetupToken.test_returns_token_from_credential_files ________
[gw1] darwin -- Python 3.11.15 /Users/pcloffice/pcl/_worktrees/edna-1a61fede-41cb9170/.venv/bin/python3

self = <tests.agent.test_anthropic_adapter.TestRunOauthSetupToken object at 0x10a8e1550>
monkeypatch = <_pytest.monkeypatch.MonkeyPatch object at 0x1164edb50>
tmp_path = PosixPath('/private/var/folders/s9/3_6wbwsd2qqfnlr4z9lxsbgr0000gn/T/pytest-of-pcloffice/pytest-68/popen-gw1/test_returns_token_from_creden0')

    def test_returns_token_from_credential_files(self, monkeypatch, tmp_path):
        """After subprocess completes, reads credentials from Claude Code files."""
        monkeypatch.setattr("shutil.which", lambda _: "/usr/bin/claude")
        monkeypatch.delenv("CLAUDE_CODE_OAUTH_TOKEN", raising=False)
        monkeypatch.delenv("ANTHROPIC_TOKEN", raising=False)
    
        # Pre-create credential files that will be found after subprocess
        cred_file = tmp_path / ".claude" / ".credentials.json"
        cred_file.parent.mkdir(parents=True)
        cred_file.write_text(json.dumps({
            "claudeAiOauth": {
                "accessToken": "from-cred-file",
                "refreshToken": "refresh",
                "expiresAt": int(time.time() * 1000) + 3600_000,
            }
        }))
        monkeypatch.setattr("agent.anthropic_adapter.Path.home", lambda: tmp_path)
    
        with patch("subprocess.run") as mock_run:
            mock_run.return_value = MagicMock(returncode=0)
>           token = run_oauth_setup_token()
                    ^^^^^^^^^^^^^^^^^^^^^^^

tests/agent/test_anthropic_adapter.py:454: 
_ _ _ _ _ _ _ _ _ _ _ _ _ _ _ _ _ _ _ _ _ _ _ _ _ _ _ _ _ _ _ _ _ _ _ _ _ _ _ _ 
agent/anthropic_adapter.py:1024: in run_oauth_setup_token
    creds = read_claude_code_credentials()
            ^^^^^^^^^^^^^^^^^^^^^^^^^^^^^^
agent/anthropic_adapter.py:732: in read_claude_code_credentials
    kc_creds = _read_claude_code_credentials_from_keychain()
               ^^^^^^^^^^^^^^^^^^^^^^^^^^^^^^^^^^^^^^^^^^^^^
agent/anthropic_adapter.py:698: in _read_claude_code_credentials_from_keychain
    data = json.loads(raw)
           ^^^^^^^^^^^^^^^
_ _ _ _ _ _ _ _ _ _ _ _ _ _ _ _ _ _ _ _ _ _ _ _ _ _ _ _ _ _ _ _ _ _ _ _ _ _ _ _ 

s = <MagicMock name='run().stdout.strip()' id='4672646608'>, cls = None
object_hook = None, parse_float = None, parse_int = None, parse_constant = None
object_pairs_hook = None, kw = {}

    def loads(s, *, cls=None, object_hook=None, parse_float=None,
            parse_int=None, parse_constant=None, object_pairs_hook=None, **kw):
        """Deserialize ``s`` (a ``str``, ``bytes`` or ``bytearray`` instance
        containing a JSON document) to a Python object.
    
        ``object_hook`` is an optional function that will be called with the
        result of any object literal decode (a ``dict``). The return value of
        ``object_hook`` will be used instead of the ``dict``. This feature
        can be used to implement custom decoders (e.g. JSON-RPC class hinting).
    
        ``object_pairs_hook`` is an optional function that will be called with the
        result of any object literal decoded with an ordered list of pairs.  The
        return value of ``object_pairs_hook`` will be used instead of the ``dict``.
        This feature can be used to implement custom decoders.  If ``object_hook``
        is also defined, the ``object_pairs_hook`` takes priority.
    
        ``parse_float``, if specified, will be called with the string
        of every JSON float to be decoded. By default this is equivalent to
        float(num_str). This can be used to use another datatype or parser
        for JSON floats (e.g. decimal.Decimal).
    
        ``parse_int``, if specified, will be called with the string
        of every JSON int to be decoded. By default this is equivalent to
        int(num_str). This can be used to use another datatype or parser
        for JSON integers (e.g. float).
    
        ``parse_constant``, if specified, will be called with one of the
        following strings: -Infinity, Infinity, NaN.
        This can be used to raise an exception if invalid JSON numbers
        are encountered.
    
        To use a custom ``JSONDecoder`` subclass, specify it with the ``cls``
        kwarg; otherwise ``JSONDecoder`` is used.
        """
        if isinstance(s, str):
            if s.startswith('\ufeff'):
                raise JSONDecodeError("Unexpected UTF-8 BOM (decode using utf-8-sig)",
                                      s, 0)
        else:
            if not isinstance(s, (bytes, bytearray)):
>               raise TypeError(f'the JSON object must be str, bytes or bytearray, '
                                f'not {s.__class__.__name__}')
E               TypeError: the JSON object must be str, bytes or bytearray, not MagicMock

../../../.local/share/uv/python/cpython-3.11.15-macos-aarch64-none/lib/python3.11/json/__init__.py:339: TypeError
____________ TestRunOauthSetupToken.test_returns_token_from_env_var ____________
[gw1] darwin -- Python 3.11.15 /Users/pcloffice/pcl/_worktrees/edna-1a61fede-41cb9170/.venv/bin/python3

self = <tests.agent.test_anthropic_adapter.TestRunOauthSetupToken object at 0x10a8e1750>
monkeypatch = <_pytest.monkeypatch.MonkeyPatch object at 0x1150a1fd0>
tmp_path = PosixPath('/private/var/folders/s9/3_6wbwsd2qqfnlr4z9lxsbgr0000gn/T/pytest-of-pcloffice/pytest-68/popen-gw1/test_returns_token_from_env_va0')

    def test_returns_token_from_env_var(self, monkeypatch, tmp_path):
        """Falls back to CLAUDE_CODE_OAUTH_TOKEN env var when no cred files."""
        monkeypatch.setattr("shutil.which", lambda _: "/usr/bin/claude")
        monkeypatch.setenv("CLAUDE_CODE_OAUTH_TOKEN", "from-env-var")
        monkeypatch.delenv("ANTHROPIC_TOKEN", raising=False)
        monkeypatch.setattr("agent.anthropic_adapter.Path.home", lambda: tmp_path)
    
        with patch("subprocess.run") as mock_run:
            mock_run.return_value = MagicMock(returncode=0)
>           token = run_oauth_setup_token()
                    ^^^^^^^^^^^^^^^^^^^^^^^

tests/agent/test_anthropic_adapter.py:472: 
_ _ _ _ _ _ _ _ _ _ _ _ _ _ _ _ _ _ _ _ _ _ _ _ _ _ _ _ _ _ _ _ _ _ _ _ _ _ _ _ 
agent/anthropic_adapter.py:1024: in run_oauth_setup_token
    creds = read_claude_code_credentials()
            ^^^^^^^^^^^^^^^^^^^^^^^^^^^^^^
agent/anthropic_adapter.py:732: in read_claude_code_credentials
    kc_creds = _read_claude_code_credentials_from_keychain()
               ^^^^^^^^^^^^^^^^^^^^^^^^^^^^^^^^^^^^^^^^^^^^^
agent/anthropic_adapter.py:698: in _read_claude_code_credentials_from_keychain
    data = json.loads(raw)
           ^^^^^^^^^^^^^^^
_ _ _ _ _ _ _ _ _ _ _ _ _ _ _ _ _ _ _ _ _ _ _ _ _ _ _ _ _ _ _ _ _ _ _ _ _ _ _ _ 

s = <MagicMock name='run().stdout.strip()' id='4539073360'>, cls = None
object_hook = None, parse_float = None, parse_int = None, parse_constant = None
object_pairs_hook = None, kw = {}

    def loads(s, *, cls=None, object_hook=None, parse_float=None,
            parse_int=None, parse_constant=None, object_pairs_hook=None, **kw):
        """Deserialize ``s`` (a ``str``, ``bytes`` or ``bytearray`` instance
        containing a JSON document) to a Python object.
    
        ``object_hook`` is an optional function that will be called with the
        result of any object literal decode (a ``dict``). The return value of
        ``object_hook`` will be used instead of the ``dict``. This feature
        can be used to implement custom decoders (e.g. JSON-RPC class hinting).
    
        ``object_pairs_hook`` is an optional function that will be called with the
        result of any object literal decoded with an ordered list of pairs.  The
        return value of ``object_pairs_hook`` will be used instead of the ``dict``.
        This feature can be used to implement custom decoders.  If ``object_hook``
        is also defined, the ``object_pairs_hook`` takes priority.
    
        ``parse_float``, if specified, will be called with the string
        of every JSON float to be decoded. By default this is equivalent to
        float(num_str). This can be used to use another datatype or parser
        for JSON floats (e.g. decimal.Decimal).
    
        ``parse_int``, if specified, will be called with the string
        of every JSON int to be decoded. By default this is equivalent to
        int(num_str). This can be used to use another datatype or parser
        for JSON integers (e.g. float).
    
        ``parse_constant``, if specified, will be called with one of the
        following strings: -Infinity, Infinity, NaN.
        This can be used to raise an exception if invalid JSON numbers
        are encountered.
    
        To use a custom ``JSONDecoder`` subclass, specify it with the ``cls``
        kwarg; otherwise ``JSONDecoder`` is used.
        """
        if isinstance(s, str):
            if s.startswith('\ufeff'):
                raise JSONDecodeError("Unexpected UTF-8 BOM (decode using utf-8-sig)",
                                      s, 0)
        else:
            if not isinstance(s, (bytes, bytearray)):
>               raise TypeError(f'the JSON object must be str, bytes or bytearray, '
                                f'not {s.__class__.__name__}')
E               TypeError: the JSON object must be str, bytes or bytearray, not MagicMock

../../../.local/share/uv/python/cpython-3.11.15-macos-aarch64-none/lib/python3.11/json/__init__.py:339: TypeError
_________ TestRunOauthSetupToken.test_returns_none_when_no_creds_found _________
[gw1] darwin -- Python 3.11.15 /Users/pcloffice/pcl/_worktrees/edna-1a61fede-41cb9170/.venv/bin/python3

self = <tests.agent.test_anthropic_adapter.TestRunOauthSetupToken object at 0x10a8e2410>
monkeypatch = <_pytest.monkeypatch.MonkeyPatch object at 0x112496d90>
tmp_path = PosixPath('/private/var/folders/s9/3_6wbwsd2qqfnlr4z9lxsbgr0000gn/T/pytest-of-pcloffice/pytest-68/popen-gw1/test_returns_none_when_no_cred0')

    def test_returns_none_when_no_creds_found(self, monkeypatch, tmp_path):
        """Returns None when subprocess completes but no credentials are found."""
        monkeypatch.setattr("shutil.which", lambda _: "/usr/bin/claude")
        monkeypatch.delenv("CLAUDE_CODE_OAUTH_TOKEN", raising=False)
        monkeypatch.delenv("ANTHROPIC_TOKEN", raising=False)
        monkeypatch.setattr("agent.anthropic_adapter.Path.home", lambda: tmp_path)
    
        with patch("subprocess.run") as mock_run:
            mock_run.return_value = MagicMock(returncode=0)
>           token = run_oauth_setup_token()
                    ^^^^^^^^^^^^^^^^^^^^^^^

tests/agent/test_anthropic_adapter.py:485: 
_ _ _ _ _ _ _ _ _ _ _ _ _ _ _ _ _ _ _ _ _ _ _ _ _ _ _ _ _ _ _ _ _ _ _ _ _ _ _ _ 
agent/anthropic_adapter.py:1024: in run_oauth_setup_token
    creds = read_claude_code_credentials()
            ^^^^^^^^^^^^^^^^^^^^^^^^^^^^^^
agent/anthropic_adapter.py:732: in read_claude_code_credentials
    kc_creds = _read_claude_code_credentials_from_keychain()
               ^^^^^^^^^^^^^^^^^^^^^^^^^^^^^^^^^^^^^^^^^^^^^
agent/anthropic_adapter.py:698: in _read_claude_code_credentials_from_keychain
    data = json.loads(raw)
           ^^^^^^^^^^^^^^^
_ _ _ _ _ _ _ _ _ _ _ _ _ _ _ _ _ _ _ _ _ _ _ _ _ _ _ _ _ _ _ _ _ _ _ _ _ _ _ _ 

s = <MagicMock name='run().stdout.strip()' id='4658691408'>, cls = None
object_hook = None, parse_float = None, parse_int = None, parse_constant = None
object_pairs_hook = None, kw = {}

    def loads(s, *, cls=None, object_hook=None, parse_float=None,
            parse_int=None, parse_constant=None, object_pairs_hook=None, **kw):
        """Deserialize ``s`` (a ``str``, ``bytes`` or ``bytearray`` instance
        containing a JSON document) to a Python object.
    
        ``object_hook`` is an optional function that will be called with the
        result of any object literal decode (a ``dict``). The return value of
        ``object_hook`` will be used instead of the ``dict``. This feature
        can be used to implement custom decoders (e.g. JSON-RPC class hinting).
    
        ``object_pairs_hook`` is an optional function that will be called with the
        result of any object literal decoded with an ordered list of pairs.  The
        return value of ``object_pairs_hook`` will be used instead of the ``dict``.
        This feature can be used to implement custom decoders.  If ``object_hook``
        is also defined, the ``object_pairs_hook`` takes priority.
    
        ``parse_float``, if specified, will be called with the string
        of every JSON float to be decoded. By default this is equivalent to
        float(num_str). This can be used to use another datatype or parser
        for JSON floats (e.g. decimal.Decimal).
    
        ``parse_int``, if specified, will be called with the string
        of every JSON int to be decoded. By default this is equivalent to
        int(num_str). This can be used to use another datatype or parser
        for JSON integers (e.g. float).
    
        ``parse_constant``, if specified, will be called with one of the
        following strings: -Infinity, Infinity, NaN.
        This can be used to raise an exception if invalid JSON numbers
        are encountered.
    
        To use a custom ``JSONDecoder`` subclass, specify it with the ``cls``
        kwarg; otherwise ``JSONDecoder`` is used.
        """
        if isinstance(s, str):
            if s.startswith('\ufeff'):
                raise JSONDecodeError("Unexpected UTF-8 BOM (decode using utf-8-sig)",
                                      s, 0)
        else:
            if not isinstance(s, (bytes, bytearray)):
>               raise TypeError(f'the JSON object must be str, bytes or bytearray, '
                                f'not {s.__class__.__name__}')
E               TypeError: the JSON object must be str, bytes or bytearray, not MagicMock

../../../.local/share/uv/python/cpython-3.11.15-macos-aarch64-none/lib/python3.11/json/__init__.py:339: TypeError
_______ test_model_picker_clears_controls_before_running_switch_callback _______
[gw24] darwin -- Python 3.11.15 /Users/pcloffice/pcl/_worktrees/edna-1a61fede-41cb9170/.venv/bin/python3

    @pytest.mark.asyncio
    async def test_model_picker_clears_controls_before_running_switch_callback():
        events: list[object] = []
    
        async def on_model_selected(chat_id: str, model_id: str, provider_slug: str) -> str:
            events.append(("switch", chat_id, model_id, provider_slug))
            return "Model switched"
    
        async def edit_message(**kwargs):
            events.append(
                (
                    "initial-edit",
                    kwargs["embed"].title,
                    kwargs["embed"].description,
                    kwargs["view"],
                )
            )
    
        async def edit_original_response(**kwargs):
            events.append((
                "final-edit",
                kwargs["embed"].title,
                kwargs["embed"].description,
                kwargs["view"],
            ))
    
        view = ModelPickerView(
            providers=[
                {
                    "slug": "copilot",
                    "name": "GitHub Copilot",
                    "models": ["gpt-5.4"],
                    "total_models": 1,
                    "is_current": True,
                }
            ],
            current_model="gpt-5-mini",
            current_provider="copilot",
            session_key="session-1",
            on_model_selected=on_model_selected,
            allowed_user_ids=set(),
        )
        view._selected_provider = "copilot"
    
        interaction = SimpleNamespace(
            user=SimpleNamespace(id=123),
            channel_id=456,
            data={"values": ["gpt-5.4"]},
            response=SimpleNamespace(
                defer=AsyncMock(),
                send_message=AsyncMock(),
                edit_message=AsyncMock(side_effect=edit_message),
            ),
            edit_original_response=AsyncMock(side_effect=edit_original_response),
        )
    
>       await view._on_model_selected(interaction)
E       TypeError: object MagicMock can't be used in 'await' expression

tests/gateway/test_discord_model_picker.py:73: TypeError
________________________ test_group_topic_skill_binding ________________________
[gw25] darwin -- Python 3.11.15 /Users/pcloffice/pcl/_worktrees/edna-1a61fede-41cb9170/.venv/bin/python3

    def test_group_topic_skill_binding():
        """Group topic with skill config should set auto_skill on the event."""
        from gateway.platforms.base import MessageType
    
        adapter = _make_adapter(group_topics_config=[
            {
                "chat_id": -1001234567890,
                "topics": [
                    {"name": "Engineering", "thread_id": 5, "skill": "software-development"},
                    {"name": "Sales", "thread_id": 12, "skill": "sales-framework"},
                ],
            }
        ])
    
        msg = _make_mock_message(
            chat_id=-1001234567890, chat_type=_ChatType.SUPERGROUP, thread_id=5, text="hello"
        )
        event = adapter._build_message_event(msg, MessageType.TEXT)
    
>       assert event.auto_skill == "software-development"
E       AssertionError: assert None == 'software-development'
E        +  where None = MessageEvent(text='hello', message_type=<MessageType.TEXT: 'text'>, source=SessionSource(platform=<Platform.TELEGRAM: ..._prompt=None, pa_job_type=None, pa_context=None, channel_context=None, internal=False, addressed=False, timestamp=None).auto_skill

tests/gateway/test_dm_topics.py:601: AssertionError
_________________ test_group_topic_skill_binding_second_topic __________________
[gw25] darwin -- Python 3.11.15 /Users/pcloffice/pcl/_worktrees/edna-1a61fede-41cb9170/.venv/bin/python3

    def test_group_topic_skill_binding_second_topic():
        """A different thread_id in the same group should resolve its own skill."""
        from gateway.platforms.base import MessageType
    
        adapter = _make_adapter(group_topics_config=[
            {
                "chat_id": -1001234567890,
                "topics": [
                    {"name": "Engineering", "thread_id": 5, "skill": "software-development"},
                    {"name": "Sales", "thread_id": 12, "skill": "sales-framework"},
                ],
            }
        ])
    
        msg = _make_mock_message(
            chat_id=-1001234567890, chat_type=_ChatType.SUPERGROUP, thread_id=12, text="deal update"
        )
        event = adapter._build_message_event(msg, MessageType.TEXT)
    
>       assert event.auto_skill == "sales-framework"
E       AssertionError: assert None == 'sales-framework'
E        +  where None = MessageEvent(text='deal update', message_type=<MessageType.TEXT: 'text'>, source=SessionSource(platform=<Platform.TELE..._prompt=None, pa_job_type=None, pa_context=None, channel_context=None, internal=False, addressed=False, timestamp=None).auto_skill

tests/gateway/test_dm_topics.py:624: AssertionError
______________________ test_group_topic_no_skill_binding _______________________
[gw25] darwin -- Python 3.11.15 /Users/pcloffice/pcl/_worktrees/edna-1a61fede-41cb9170/.venv/bin/python3

    def test_group_topic_no_skill_binding():
        """Group topic without a skill key should have auto_skill=None but set chat_topic."""
        from gateway.platforms.base import MessageType
    
        adapter = _make_adapter(group_topics_config=[
            {
                "chat_id": -1001234567890,
                "topics": [
                    {"name": "General", "thread_id": 1},
                ],
            }
        ])
    
        msg = _make_mock_message(
            chat_id=-1001234567890, chat_type=_ChatType.SUPERGROUP, thread_id=1, text="hey"
        )
        event = adapter._build_message_event(msg, MessageType.TEXT)
    
        assert event.auto_skill is None
>       assert event.source.chat_topic == "General"
E       AssertionError: assert None == 'General'
E        +  where None = SessionSource(platform=<Platform.TELEGRAM: 'telegram'>, chat_id='-1001234567890', chat_name='Test User', chat_type='dm...chat_topic=None, user_id_alt=None, chat_id_alt=None, is_bot=False, guild_id=None, parent_chat_id=None, message_id=None).chat_topic
E        +    where SessionSource(platform=<Platform.TELEGRAM: 'telegram'>, chat_id='-1001234567890', chat_name='Test User', chat_type='dm...chat_topic=None, user_id_alt=None, chat_id_alt=None, is_bot=False, guild_id=None, parent_chat_id=None, message_id=None) = MessageEvent(text='hey', message_type=<MessageType.TEXT: 'text'>, source=SessionSource(platform=<Platform.TELEGRAM: 't..._prompt=None, pa_job_type=None, pa_context=None, channel_context=None, internal=False, addressed=False, timestamp=None).source

tests/gateway/test_dm_topics.py:647: AssertionError
_________________ test_group_topic_chat_id_int_string_coercion _________________
[gw25] darwin -- Python 3.11.15 /Users/pcloffice/pcl/_worktrees/edna-1a61fede-41cb9170/.venv/bin/python3

    def test_group_topic_chat_id_int_string_coercion():
        """chat_id as string in config should match integer chat.id via str() coercion."""
        from gateway.platforms.base import MessageType
    
        adapter = _make_adapter(group_topics_config=[
            {
                "chat_id": "-1001234567890",  # string, not int
                "topics": [
                    {"name": "Dev", "thread_id": "7", "skill": "hermes-agent-dev"},
                ],
            }
        ])
    
        msg = _make_mock_message(
            chat_id=-1001234567890, chat_type=_ChatType.SUPERGROUP, thread_id=7, text="test"
        )
        event = adapter._build_message_event(msg, MessageType.TEXT)
    
>       assert event.auto_skill == "hermes-agent-dev"
E       AssertionError: assert None == 'hermes-agent-dev'
E        +  where None = MessageEvent(text='test', message_type=<MessageType.TEXT: 'text'>, source=SessionSource(platform=<Platform.TELEGRAM: '..._prompt=None, pa_job_type=None, pa_context=None, channel_context=None, internal=False, addressed=False, timestamp=None).auto_skill

tests/gateway/test_dm_topics.py:727: AssertionError
___________ test_build_message_event_group_from_user_none_stays_none ___________
[gw25] darwin -- Python 3.11.15 /Users/pcloffice/pcl/_worktrees/edna-1a61fede-41cb9170/.venv/bin/python3

    def test_build_message_event_group_from_user_none_stays_none():
        """When from_user is None in a group, user_id should remain None."""
        from gateway.platforms.base import MessageType
    
        adapter = _make_adapter()
        msg = _make_mock_message(
            chat_id=-1001234567890, chat_type=_ChatType.SUPERGROUP,
            user_id=42, user_name="Alice"
        )
        msg.from_user = None
    
        event = adapter._build_message_event(msg, MessageType.TEXT)
    
        # Groups should NOT fall back — anonymous senders stay None
>       assert event.source.user_id is None
E       AssertionError: assert '-1001234567890' is None
E        +  where '-1001234567890' = SessionSource(platform=<Platform.TELEGRAM: 'telegram'>, chat_id='-1001234567890', chat_name='Alice', chat_type='dm', u...chat_topic=None, user_id_alt=None, chat_id_alt=None, is_bot=False, guild_id=None, parent_chat_id=None, message_id=None).user_id
E        +    where SessionSource(platform=<Platform.TELEGRAM: 'telegram'>, chat_id='-1001234567890', chat_name='Alice', chat_type='dm', u...chat_topic=None, user_id_alt=None, chat_id_alt=None, is_bot=False, guild_id=None, parent_chat_id=None, message_id=None) = MessageEvent(text='hello', message_type=<MessageType.TEXT: 'text'>, source=SessionSource(platform=<Platform.TELEGRAM: ..._prompt=None, pa_job_type=None, pa_context=None, channel_context=None, internal=False, addressed=False, timestamp=None).source

tests/gateway/test_dm_topics.py:764: AssertionError
_________________ test_safe_defaults_block_everyone_and_roles __________________
[gw23] darwin -- Python 3.11.15 /Users/pcloffice/pcl/_worktrees/edna-1a61fede-41cb9170/.venv/bin/python3

    def test_safe_defaults_block_everyone_and_roles():
        am = _build_allowed_mentions()
>       assert am.everyone is False, "default must NOT allow @everyone/@here pings"
E       AssertionError: default must NOT allow @everyone/@here pings
E       assert <MagicMock name='mock.AllowedMentions().everyone' id='4667631632'> is False
E        +  where <MagicMock name='mock.AllowedMentions().everyone' id='4667631632'> = <MagicMock name='mock.AllowedMentions()' id='4686446544'>.everyone

tests/gateway/test_discord_allowed_mentions.py:105: AssertionError
_________________ TestReplyToText.test_no_reference_both_none __________________
[gw24] darwin -- Python 3.11.15 /Users/pcloffice/pcl/_worktrees/edna-1a61fede-41cb9170/.venv/bin/python3

self = <tests.gateway.test_discord_reply_mode.TestReplyToText object at 0x10e9ae4d0>
reply_text_adapter = <gateway.platforms.discord.DiscordAdapter object at 0x1168e26d0>

    @pytest.mark.asyncio
    async def test_no_reference_both_none(self, reply_text_adapter):
        message = _make_message(reference=None)
    
        await reply_text_adapter._handle_message(message)
    
>       event = reply_text_adapter.handle_message.await_args.args[0]
                ^^^^^^^^^^^^^^^^^^^^^^^^^^^^^^^^^^^^^^^^^^^^^^^^^
E       AttributeError: 'NoneType' object has no attribute 'args'

tests/gateway/test_discord_reply_mode.py:347: AttributeError
_____________________ test_env_var_opts_back_into_everyone _____________________
[gw23] darwin -- Python 3.11.15 /Users/pcloffice/pcl/_worktrees/edna-1a61fede-41cb9170/.venv/bin/python3

monkeypatch = <_pytest.monkeypatch.MonkeyPatch object at 0x116b96550>

    def test_env_var_opts_back_into_everyone(monkeypatch):
        monkeypatch.setenv("DISCORD_ALLOW_MENTION_EVERYONE", "true")
        am = _build_allowed_mentions()
>       assert am.everyone is True
E       AssertionError: assert <MagicMock name='mock.AllowedMentions().everyone' id='4667631632'> is True
E        +  where <MagicMock name='mock.AllowedMentions().everyone' id='4667631632'> = <MagicMock name='mock.AllowedMentions()' id='4686446544'>.everyone

tests/gateway/test_discord_allowed_mentions.py:114: AssertionError
_______________ TestReplyToText.test_reference_without_resolved ________________
[gw24] darwin -- Python 3.11.15 /Users/pcloffice/pcl/_worktrees/edna-1a61fede-41cb9170/.venv/bin/python3

self = <tests.gateway.test_discord_reply_mode.TestReplyToText object at 0x10e9ae810>
reply_text_adapter = <gateway.platforms.discord.DiscordAdapter object at 0x1143a0610>

    @pytest.mark.asyncio
    async def test_reference_without_resolved(self, reply_text_adapter):
        ref = SimpleNamespace(message_id=555, resolved=None)
        message = _make_message(reference=ref)
    
        await reply_text_adapter._handle_message(message)
    
>       event = reply_text_adapter.handle_message.await_args.args[0]
                ^^^^^^^^^^^^^^^^^^^^^^^^^^^^^^^^^^^^^^^^^^^^^^^^^
E       AttributeError: 'NoneType' object has no attribute 'args'

tests/gateway/test_discord_reply_mode.py:358: AttributeError
________________________ test_env_var_can_disable_users ________________________
[gw23] darwin -- Python 3.11.15 /Users/pcloffice/pcl/_worktrees/edna-1a61fede-41cb9170/.venv/bin/python3

monkeypatch = <_pytest.monkeypatch.MonkeyPatch object at 0x115c62d50>

    def test_env_var_can_disable_users(monkeypatch):
        monkeypatch.setenv("DISCORD_ALLOW_MENTION_USERS", "false")
        am = _build_allowed_mentions()
>       assert am.users is False
E       AssertionError: assert <MagicMock name='mock.AllowedMentions().users' id='4653322064'> is False
E        +  where <MagicMock name='mock.AllowedMentions().users' id='4653322064'> = <MagicMock name='mock.AllowedMentions()' id='4686446544'>.users

tests/gateway/test_discord_allowed_mentions.py:124: AssertionError
_____________ TestReplyToText.test_reference_with_resolved_content _____________
[gw24] darwin -- Python 3.11.15 /Users/pcloffice/pcl/_worktrees/edna-1a61fede-41cb9170/.venv/bin/python3

self = <tests.gateway.test_discord_reply_mode.TestReplyToText object at 0x10e8a5850>
reply_text_adapter = <gateway.platforms.discord.DiscordAdapter object at 0x111ba9e10>

    @pytest.mark.asyncio
    async def test_reference_with_resolved_content(self, reply_text_adapter):
        resolved_msg = SimpleNamespace(content="original message text")
        ref = SimpleNamespace(message_id=555, resolved=resolved_msg)
        message = _make_message(reference=ref)
    
        await reply_text_adapter._handle_message(message)
    
>       event = reply_text_adapter.handle_message.await_args.args[0]
                ^^^^^^^^^^^^^^^^^^^^^^^^^^^^^^^^^^^^^^^^^^^^^^^^^
E       AttributeError: 'NoneType' object has no attribute 'args'

tests/gateway/test_discord_reply_mode.py:370: AttributeError
___________________ test_everyone_boolean_parsing[true-True] ___________________
[gw23] darwin -- Python 3.11.15 /Users/pcloffice/pcl/_worktrees/edna-1a61fede-41cb9170/.venv/bin/python3

monkeypatch = <_pytest.monkeypatch.MonkeyPatch object at 0x114464d50>
raw = 'true', expected = True

    @pytest.mark.parametrize("raw, expected", [
        ("true", True), ("True", True), ("TRUE", True),
        ("1", True), ("yes", True), ("YES", True), ("on", True),
        ("false", False), ("False", False), ("0", False),
        ("no", False), ("off", False),
        ("", False),                 # empty falls back to default (False for everyone)
        ("garbage", False),          # unknown falls back to default
        (" true ", True),            # whitespace tolerated
    ])
    def test_everyone_boolean_parsing(monkeypatch, raw, expected):
        monkeypatch.setenv("DISCORD_ALLOW_MENTION_EVERYONE", raw)
        am = _build_allowed_mentions()
>       assert am.everyone is expected
E       AssertionError: assert <MagicMock name='mock.AllowedMentions().everyone' id='4667631632'> is True
E        +  where <MagicMock name='mock.AllowedMentions().everyone' id='4667631632'> = <MagicMock name='mock.AllowedMentions()' id='4686446544'>.everyone

tests/gateway/test_discord_allowed_mentions.py:143: AssertionError
__________ TestReplyToText.test_reference_with_empty_resolved_content __________
[gw24] darwin -- Python 3.11.15 /Users/pcloffice/pcl/_worktrees/edna-1a61fede-41cb9170/.venv/bin/python3

self = <tests.gateway.test_discord_reply_mode.TestReplyToText object at 0x10e848710>
reply_text_adapter = <gateway.platforms.discord.DiscordAdapter object at 0x1133fac90>

    @pytest.mark.asyncio
    async def test_reference_with_empty_resolved_content(self, reply_text_adapter):
        """Empty string content should become None, not leak as empty string."""
        resolved_msg = SimpleNamespace(content="")
        ref = SimpleNamespace(message_id=555, resolved=resolved_msg)
        message = _make_message(reference=ref)
    
        await reply_text_adapter._handle_message(message)
    
>       event = reply_text_adapter.handle_message.await_args.args[0]
                ^^^^^^^^^^^^^^^^^^^^^^^^^^^^^^^^^^^^^^^^^^^^^^^^^
E       AttributeError: 'NoneType' object has no attribute 'args'

tests/gateway/test_discord_reply_mode.py:383: AttributeError
___________________ test_everyone_boolean_parsing[True-True] ___________________
[gw23] darwin -- Python 3.11.15 /Users/pcloffice/pcl/_worktrees/edna-1a61fede-41cb9170/.venv/bin/python3

monkeypatch = <_pytest.monkeypatch.MonkeyPatch object at 0x115898a90>
raw = 'True', expected = True

    @pytest.mark.parametrize("raw, expected", [
        ("true", True), ("True", True), ("TRUE", True),
        ("1", True), ("yes", True), ("YES", True), ("on", True),
        ("false", False), ("False", False), ("0", False),
        ("no", False), ("off", False),
        ("", False),                 # empty falls back to default (False for everyone)
        ("garbage", False),          # unknown falls back to default
        (" true ", True),            # whitespace tolerated
    ])
    def test_everyone_boolean_parsing(monkeypatch, raw, expected):
        monkeypatch.setenv("DISCORD_ALLOW_MENTION_EVERYONE", raw)
        am = _build_allowed_mentions()
>       assert am.everyone is expected
E       AssertionError: assert <MagicMock name='mock.AllowedMentions().everyone' id='4667631632'> is True
E        +  where <MagicMock name='mock.AllowedMentions().everyone' id='4667631632'> = <MagicMock name='mock.AllowedMentions()' id='4686446544'>.everyone

tests/gateway/test_discord_allowed_mentions.py:143: AssertionError
_____________ TestReplyToText.test_reference_with_deleted_message ______________
[gw24] darwin -- Python 3.11.15 /Users/pcloffice/pcl/_worktrees/edna-1a61fede-41cb9170/.venv/bin/python3

self = <tests.gateway.test_discord_reply_mode.TestReplyToText object at 0x10e930e10>
reply_text_adapter = <gateway.platforms.discord.DiscordAdapter object at 0x111d43510>

    @pytest.mark.asyncio
    async def test_reference_with_deleted_message(self, reply_text_adapter):
        """Deleted messages lack .content — getattr guard should return None."""
        resolved_deleted = SimpleNamespace(id=555)
        ref = SimpleNamespace(message_id=555, resolved=resolved_deleted)
        message = _make_message(reference=ref)
    
        await reply_text_adapter._handle_message(message)
    
>       event = reply_text_adapter.handle_message.await_args.args[0]
                ^^^^^^^^^^^^^^^^^^^^^^^^^^^^^^^^^^^^^^^^^^^^^^^^^
E       AttributeError: 'NoneType' object has no attribute 'args'

tests/gateway/test_discord_reply_mode.py:396: AttributeError
___________________ test_everyone_boolean_parsing[TRUE-True] ___________________
[gw23] darwin -- Python 3.11.15 /Users/pcloffice/pcl/_worktrees/edna-1a61fede-41cb9170/.venv/bin/python3

monkeypatch = <_pytest.monkeypatch.MonkeyPatch object at 0x115a17e50>
raw = 'TRUE', expected = True

    @pytest.mark.parametrize("raw, expected", [
        ("true", True), ("True", True), ("TRUE", True),
        ("1", True), ("yes", True), ("YES", True), ("on", True),
        ("false", False), ("False", False), ("0", False),
        ("no", False), ("off", False),
        ("", False),                 # empty falls back to default (False for everyone)
        ("garbage", False),          # unknown falls back to default
        (" true ", True),            # whitespace tolerated
    ])
    def test_everyone_boolean_parsing(monkeypatch, raw, expected):
        monkeypatch.setenv("DISCORD_ALLOW_MENTION_EVERYONE", raw)
        am = _build_allowed_mentions()
>       assert am.everyone is expected
[...]
FAILED tests/gateway/test_discord_allowed_mentions.py::test_all_four_knobs_together
FAILED tests/gateway/test_discord_send.py::TestIsForumParent::test_forum_channel_class_instance
FAILED tests/gateway/test_discord_send.py::test_send_to_forum_creates_thread_post
FAILED tests/gateway/test_discord_send.py::test_send_to_forum_sends_remaining_chunks
FAILED tests/gateway/test_discord_send.py::test_send_to_forum_create_thread_failure
FAILED tests/gateway/test_discord_send.py::test_send_to_forum_follow_up_chunk_failures_collected_as_warnings
FAILED tests/gateway/test_discord_slash_auth.py::test_channel_allowlist_does_not_apply_to_dms
FAILED tests/gateway/test_discord_slash_auth.py::test_visibility_hide_helper_zeroes_perms
FAILED tests/gateway/test_discord_slash_auth.py::test_visibility_hide_tolerates_unsetable_command
FAILED tests/gateway/test_discord_slash_auth.py::test_thread_parent_in_allowlist_passes
FAILED tests/gateway/test_discord_slash_auth.py::test_thread_parent_in_ignorelist_rejects
FAILED tests/gateway/test_discord_slash_auth.py::test_skill_autocomplete_returns_empty_for_unauthorized
FAILED tests/gateway/test_discord_slash_auth.py::test_skill_autocomplete_returns_choices_for_authorized
FAILED tests/gateway/test_discord_slash_auth.py::test_skill_handler_rejects_before_dispatch_for_unauthorized
FAILED tests/gateway/test_discord_slash_auth.py::test_skill_handler_known_and_unknown_produce_same_rejection
FAILED tests/gateway/test_discord_slash_auth.py::test_skill_handler_dispatches_for_authorized
FAILED tests/gateway/test_discord_slash_commands.py::test_auto_registers_missing_gateway_commands
FAILED tests/gateway/test_discord_slash_commands.py::test_auto_registered_command_dispatches_correctly
FAILED tests/gateway/test_discord_slash_commands.py::test_auto_registered_command_with_args
FAILED tests/gateway/test_discord_slash_commands.py::test_auto_registers_plugin_commands_for_discord
FAILED tests/gateway/test_discord_slash_commands.py::test_auto_registered_plugin_command_without_args_hint
FAILED tests/gateway/test_discord_clarify_buttons.py::TestClarifyChoiceViewConstruction::test_renders_n_choice_buttons_plus_other
FAILED tests/gateway/test_discord_clarify_buttons.py::TestClarifyChoiceViewConstruction::test_caps_at_24_choices_plus_other
FAILED tests/gateway/test_discord_clarify_buttons.py::TestClarifyChoiceViewConstruction::test_truncates_long_choice_label
FAILED tests/gateway/test_feishu.py::TestAdapterBehavior::test_webhook_request_uses_same_message_dispatch_path
FAILED tests/gateway/test_discord_clarify_buttons.py::TestClarifyChoiceResolve::test_choice_resolves_with_canonical_choice_text
FAILED tests/gateway/test_discord_clarify_buttons.py::TestClarifyChoiceResolve::test_choice_falls_back_to_label_text_when_entry_missing
FAILED tests/gateway/test_discord_clarify_buttons.py::TestClarifyChoiceResolve::test_already_resolved_sends_ephemeral_reply
FAILED tests/gateway/test_discord_clarify_buttons.py::TestClarifyChoiceResolve::test_unauthorized_user_rejected
FAILED tests/gateway/test_discord_slash_commands.py::test_build_slash_event_preserves_thread_context
FAILED tests/gateway/test_discord_clarify_buttons.py::TestClarifyOtherButton::test_other_flips_entry_to_awaiting_text
FAILED tests/gateway/test_discord_clarify_buttons.py::TestClarifyOtherButton::test_other_unauthorized_user_rejected
FAILED tests/gateway/test_discord_clarify_buttons.py::TestDiscordSendClarify::test_multi_choice_attaches_view
FAILED tests/gateway/test_discord_clarify_buttons.py::TestDiscordSendClarify::test_filters_empty_and_whitespace_choices
FAILED tests/gateway/test_discord_slash_commands.py::test_auto_thread_skips_threads_and_dms
FAILED tests/gateway/test_discord_slash_commands.py::test_register_skill_command_is_flat_not_nested
FAILED tests/gateway/test_discord_slash_commands.py::test_register_skill_command_callback_dispatches_by_name
FAILED tests/gateway/test_discord_slash_commands.py::test_register_skill_command_handles_unknown_skill_gracefully
FAILED tests/gateway/test_discord_slash_commands.py::test_register_skill_command_payload_fits_discord_8kb_limit
FAILED tests/gateway/test_discord_component_auth.py::test_exec_approval_view_accepts_role_allowlist
FAILED tests/gateway/test_discord_slash_commands.py::test_register_skill_command_autocomplete_filters_by_name_and_description
FAILED tests/gateway/test_discord_component_auth.py::test_exec_approval_view_role_default_is_empty_set
FAILED tests/gateway/test_discord_component_auth.py::test_slash_confirm_view_accepts_role_allowlist
FAILED tests/gateway/test_discord_component_auth.py::test_update_prompt_view_accepts_role_allowlist
FAILED tests/gateway/test_discord_component_auth.py::test_model_picker_view_accepts_role_allowlist
FAILED tests/gateway/test_discord_component_auth.py::test_views_empty_allowlists_allow_everyone[<lambda>0]
FAILED tests/gateway/test_discord_component_auth.py::test_views_empty_allowlists_allow_everyone[<lambda>1]
FAILED tests/gateway/test_discord_component_auth.py::test_views_empty_allowlists_allow_everyone[<lambda>2]
FAILED tests/gateway/test_discord_component_auth.py::test_model_picker_view_empty_allowlists_allow_everyone
FAILED tests/gateway/test_discord_connect.py::test_connect_only_requests_members_intent_when_needed[769524422783664158-False]
FAILED tests/gateway/test_discord_connect.py::test_connect_only_requests_members_intent_when_needed[abhey-gupta-True]
FAILED tests/gateway/test_discord_connect.py::test_connect_only_requests_members_intent_when_needed[769524422783664158,abhey-gupta-True]
FAILED tests/gateway/test_whatsapp_connect.py::TestDataInitialized::test_no_name_error_when_json_always_fails
FAILED tests/gateway/test_simplex_plugin.py::test_send_dm - ModuleNotFoundErr...
FAILED tests/gateway/test_simplex_plugin.py::test_send_group - ModuleNotFound...
FAILED tests/gateway/test_simplex_plugin.py::test_send_when_ws_not_connected_does_not_crash
FAILED tests/gateway/test_whatsapp_connect.py::TestBridgeRuntimeFailure::test_closed_when_http_not_ready
FAILED tests/gateway/test_whatsapp_connect.py::TestBridgeRuntimeFailure::test_closed_when_bridge_dies_phase2
FAILED tests/gateway/test_goal_max_turns_config.py::test_gateway_goal_uses_goals_max_turns_from_full_config
FAILED tests/hermes_cli/test_gateway_service.py::TestSystemdServiceRefresh::test_systemd_start_refreshes_outdated_unit
FAILED tests/hermes_cli/test_gateway_service.py::TestSystemdServiceRefresh::test_systemd_restart_refreshes_outdated_unit
FAILED tests/gateway/test_goal_verdict_send.py::test_goal_verdict_done_sent_via_adapter_send
FAILED tests/gateway/test_goal_verdict_send.py::test_goal_verdict_continue_enqueues_continuation
FAILED tests/gateway/test_goal_verdict_send.py::test_goal_verdict_budget_exhausted_sends_pause
FAILED tests/gateway/test_send_image_file.py::TestDiscordSendImageFile::test_send_document_uploads_file_attachment
FAILED tests/gateway/test_send_image_file.py::TestDiscordSendImageFile::test_send_video_uploads_file_attachment
FAILED tests/hermes_cli/test_goals.py::TestGoalManager::test_persistence_across_managers
FAILED tests/hermes_cli/test_gateway_service.py::TestGatewaySystemServiceRouting::test_systemd_restart_gracefully_restarts_running_service_and_waits
FAILED tests/hermes_cli/test_gateway_service.py::TestGatewaySystemServiceRouting::test_systemd_restart_uses_systemd_main_pid_when_pid_file_is_missing
FAILED tests/hermes_cli/test_gateway_service.py::TestGatewaySystemServiceRouting::test_systemd_restart_reports_start_limit_hit
FAILED tests/hermes_cli/test_gateway_service.py::TestGatewaySystemServiceRouting::test_systemd_restart_recovers_failed_planned_restart
FAILED tests/hermes_cli/test_goals.py::TestJudgeParseFailureAutoPause::test_consecutive_parse_failures_persists_across_goalmanager_reloads
FAILED tests/gateway/test_media_download_retry.py::TestMattermostSendUrlAsFile::test_falls_back_on_client_error
FAILED tests/hermes_cli/test_goals.py::TestGoalManagerSubgoals::test_subgoals_persist_across_reloads
FAILED tests/gateway/test_sms.py::TestWebhookSignatureEnforcement::test_insecure_flag_skips_validation
FAILED tests/gateway/test_sms.py::TestWebhookSignatureEnforcement::test_insecure_flag_with_url_still_validates
FAILED tests/gateway/test_shutdown_forensics.py::TestSpawnAsyncDiagnostic::test_spawns_subprocess_and_writes_output
FAILED tests/gateway/test_sms.py::TestWebhookSignatureEnforcement::test_missing_signature_returns_403
FAILED tests/gateway/test_sms.py::TestWebhookSignatureEnforcement::test_invalid_signature_returns_403
FAILED tests/gateway/test_sms.py::TestWebhookSignatureEnforcement::test_valid_signature_returns_200
FAILED tests/gateway/test_sms.py::TestWebhookSignatureEnforcement::test_port_variant_signature_returns_200
FAILED tests/gateway/test_sse_agent_cancel.py::TestSSEAgentCancelOnDisconnect::test_agent_task_cancelled_on_client_disconnect
FAILED tests/gateway/test_sse_agent_cancel.py::TestSSEAgentCancelOnDisconnect::test_agent_task_not_cancelled_on_normal_completion
FAILED tests/gateway/test_sse_agent_cancel.py::TestSSEAgentCancelOnDisconnect::test_broken_pipe_also_cancels_agent
FAILED tests/gateway/test_sse_agent_cancel.py::TestSSEAgentCancelOnDisconnect::test_already_done_task_not_cancelled_on_disconnect
FAILED tests/gateway/test_sse_agent_cancel.py::TestSSEAgentCancelOnDisconnect::test_agent_interrupt_called_on_disconnect
FAILED tests/gateway/test_sse_agent_cancel.py::TestSSEAgentCancelOnDisconnect::test_agent_ref_none_still_cancels_task
FAILED tests/gateway/test_ws_auth_retry.py::TestMattermostWSAuthRetry::test_401_handshake_stops_reconnect
FAILED tests/gateway/test_msgraph_webhook.py::TestMSGraphValidationHandshake::test_validation_token_echo_on_get[asyncio]
FAILED tests/gateway/test_ws_auth_retry.py::TestMattermostWSAuthRetry::test_403_handshake_stops_reconnect
FAILED tests/gateway/test_msgraph_webhook.py::TestMSGraphValidationHandshake::test_bare_get_without_validation_token_rejected[asyncio]
FAILED tests/gateway/test_ws_auth_retry.py::TestMattermostWSAuthRetry::test_transient_error_retries
FAILED tests/gateway/test_msgraph_webhook.py::TestMSGraphValidationHandshake::test_post_with_validation_token_still_echoes[asyncio]
FAILED tests/gateway/test_msgraph_webhook.py::TestMSGraphNotifications::test_valid_notification_accepted_and_scheduled[asyncio]
FAILED tests/gateway/test_msgraph_webhook.py::TestMSGraphNotifications::test_bad_client_state_rejected_as_auth_failure[asyncio]
FAILED tests/gateway/test_msgraph_webhook.py::TestMSGraphNotifications::test_duplicate_notification_deduped[asyncio]
FAILED tests/gateway/test_msgraph_webhook.py::TestMSGraphNotifications::test_notifications_without_id_are_not_deduped[asyncio]
FAILED tests/gateway/test_msgraph_webhook.py::TestMSGraphNotifications::test_resource_patterns_accept_leading_slash[asyncio]
FAILED tests/gateway/test_msgraph_webhook.py::TestMSGraphNotifications::test_resource_not_in_allowlist_returns_400[asyncio]
FAILED tests/gateway/test_msgraph_webhook.py::TestMSGraphNotifications::test_malformed_body_returns_400[asyncio]
FAILED tests/gateway/test_msgraph_webhook.py::TestMSGraphNotifications::test_missing_value_array_returns_400[asyncio]
FAILED tests/gateway/test_msgraph_webhook.py::TestMSGraphNotifications::test_seen_receipts_are_bounded[asyncio]
FAILED tests/gateway/test_msgraph_webhook.py::TestMSGraphSourceIPAllowlist::test_disabled_by_default_allows_all[asyncio]
FAILED tests/gateway/test_msgraph_webhook.py::TestMSGraphSourceIPAllowlist::test_post_from_disallowed_ip_rejected[asyncio]
FAILED tests/gateway/test_msgraph_webhook.py::TestMSGraphSourceIPAllowlist::test_post_from_allowed_ip_accepted[asyncio]
FAILED tests/gateway/test_msgraph_webhook.py::TestMSGraphSourceIPAllowlist::test_validation_handshake_also_respects_allowlist[asyncio]
FAILED tests/hermes_cli/test_gateway_wsl.py::TestSupportsSystemdServicesWSL::test_wsl_with_systemd
FAILED tests/hermes_cli/test_gateway_wsl.py::TestSupportsSystemdServicesWSL::test_native_linux
FAILED tests/gateway/test_slack.py::TestSlashEphemeralAck::test_send_uses_response_url_when_context_exists
FAILED tests/hermes_cli/test_proxy.py::test_server_forwards_chat_completions
FAILED tests/gateway/test_slack.py::TestSlashEphemeralAck::test_send_slash_ephemeral_fallback_on_post_failure
FAILED tests/gateway/test_slack.py::TestSlashEphemeralAck::test_send_slash_ephemeral_fallback_on_exception
FAILED tests/hermes_cli/test_proxy.py::test_server_rejects_disallowed_path - ...
FAILED tests/hermes_cli/test_proxy.py::test_server_returns_401_when_adapter_fails
FAILED tests/hermes_cli/test_proxy.py::test_server_health_endpoint - TypeErro...
FAILED tests/hermes_cli/test_proxy.py::test_server_streams_sse - TypeError: o...
FAILED tests/hermes_cli/test_proxy.py::test_server_strips_client_auth_header
FAILED tests/hermes_cli/test_web_server.py::TestPtyWebSocket::test_streams_child_stdout_to_client
FAILED tests/hermes_cli/test_web_server.py::TestPtyWebSocket::test_client_input_reaches_child_stdin
FAILED tests/hermes_cli/test_web_server.py::TestPtyWebSocket::test_resize_escape_is_forwarded
FAILED tests/gateway/test_matrix.py::TestCreateMatrixSession::test_no_proxy_returns_trust_env_session
FAILED tests/gateway/test_matrix.py::TestCreateMatrixSession::test_http_proxy_sets_default_proxy
FAILED tests/gateway/test_matrix.py::TestCreateMatrixSession::test_socks_proxy_uses_connector
FAILED tests/plugins/test_google_meet_node.py::test_client_rpc_sends_correct_envelope_and_parses_response
FAILED tests/plugins/test_google_meet_node.py::test_client_rpc_raises_on_error_envelope
FAILED tests/plugins/test_google_meet_node.py::test_client_rpc_raises_on_id_mismatch
FAILED tests/plugins/test_google_meet_node.py::test_client_convenience_methods_hit_correct_types
FAILED tests/test_tui_gateway_server.py::test_browser_manage_connect_default_local_reports_launch_hint
FAILED tests/tools/test_browser_eval_supervisor_path.py::TestBrowserEvalSupervisorPath::test_primitive_result_routes_through_supervisor
FAILED tests/tools/test_browser_eval_supervisor_path.py::TestBrowserEvalSupervisorPath::test_json_string_result_is_parsed
FAILED tests/tools/test_browser_eval_supervisor_path.py::TestBrowserEvalSupervisorPath::test_non_json_string_result_kept_as_string
FAILED tests/tools/test_browser_eval_supervisor_path.py::TestBrowserEvalSupervisorPath::test_js_exception_surfaces_without_subprocess_fallthrough
FAILED tests/tools/test_browser_eval_supervisor_path.py::TestBrowserEvalSupervisorPath::test_supervisor_loop_down_falls_through_to_subprocess
FAILED tests/tools/test_browser_eval_supervisor_path.py::TestBrowserEvalSupervisorPath::test_no_active_supervisor_falls_through_to_subprocess
FAILED tests/tools/test_browser_eval_supervisor_path.py::TestBrowserEvalSupervisorPath::test_supervisor_no_session_falls_through
FAILED tests/tools/test_browser_eval_supervisor_path.py::TestEvaluateRuntimeResponseShaping::test_primitive_value
FAILED tests/tools/test_browser_eval_supervisor_path.py::TestEvaluateRuntimeResponseShaping::test_object_value_returned_by_value
FAILED tests/tools/test_browser_eval_supervisor_path.py::TestEvaluateRuntimeResponseShaping::test_undefined_value
FAILED tests/tools/test_browser_eval_supervisor_path.py::TestEvaluateRuntimeResponseShaping::test_dom_node_returns_description
FAILED tests/tools/test_browser_eval_supervisor_path.py::TestEvaluateRuntimeResponseShaping::test_js_exception_returns_error
FAILED tests/tools/test_browser_eval_supervisor_path.py::TestEvaluateRuntimeResponseShaping::test_inactive_supervisor_returns_error_without_dispatch
FAILED tests/tools/test_browser_eval_supervisor_path.py::TestEvaluateRuntimeResponseShaping::test_no_session_attached_returns_error
FAILED tests/test_live_system_guard_self_test.py::test_systemctl_status_passes_through
FAILED tests/test_live_system_guard_self_test.py::test_systemctl_show_passes_through
FAILED tests/test_live_system_guard_self_test.py::test_systemctl_list_units_passes_through
FAILED tests/test_live_system_guard_self_test.py::test_systemctl_unrelated_unit_passes_through
FAILED tests/tools/test_delegate.py::TestDelegateHeartbeat::test_heartbeat_does_not_trip_idle_stale_while_inside_tool
FAILED tests/tools/test_file_state_registry.py::FileToolsIntegrationTests::test_net_new_file_no_warning
FAILED tests/tools/test_file_state_registry.py::FileToolsIntegrationTests::test_sibling_agent_write_surfaces_warning_through_handler
FAILED tests/tools/test_file_read_guards.py::TestFileDedup::test_write_allows_large_file_that_quotes_status_text
FAILED tests/tools/test_file_read_guards.py::TestFileDedup::test_write_rejects_internal_read_status_text
FAILED tests/tools/test_file_read_guards.py::TestFileDedup::test_write_rejects_status_text_with_small_framing
FAILED tests/tools/test_file_read_guards.py::TestWriteInvalidatesDedup::test_write_does_not_invalidate_other_tasks
FAILED tests/tools/test_file_read_guards.py::TestWriteInvalidatesDedup::test_write_invalidates_all_offsets
FAILED tests/tools/test_file_read_guards.py::TestWriteInvalidatesDedup::test_write_invalidates_dedup_same_second
FAILED tests/tools/test_file_staleness.py::TestStalenessCheck::test_relative_path_uses_live_cwd_for_staleness_tracking
FAILED tests/tools/test_file_staleness.py::TestStalenessCheck::test_warning_when_file_modified_externally
FAILED tests/tools/test_file_staleness.py::TestPatchStaleness::test_patch_warns_on_stale_file
FAILED tests/tools/test_terminal_tool_requirements.py::TestTerminalRequirements::test_terminal_and_execute_code_tools_hide_for_unsupported_vercel_runtime
FAILED tests/tools/test_terminal_tool_requirements.py::TestTerminalRequirements::test_terminal_and_execute_code_tools_hide_for_vercel_without_auth
FAILED tests/tui_gateway/test_goal_command.py::test_goal_set_returns_send_with_notice
FAILED tests/tui_gateway/test_goal_command.py::test_goal_resume_reactivates
FAILED tests/tui_gateway/test_goal_command.py::test_goal_pause_after_set - As...
FAILED tests/tui_gateway/test_goal_command.py::test_goal_clear_removes_active_goal
FAILED tests/tui_gateway/test_goal_command.py::test_goal_stop_and_done_are_clear_aliases
ERROR tests/acp/test_entry.py - ImportError while importing test module '/Use...
ERROR tests/acp/test_events.py - ImportError while importing test module '/Us...
ERROR tests/acp/test_mcp_e2e.py - ImportError while importing test module '/U...
ERROR tests/acp/test_permissions.py - ImportError while importing test module...
ERROR tests/acp/test_ping_suppression.py - ImportError while importing test m...
ERROR tests/acp/test_server.py - ImportError while importing test module '/Us...
ERROR tests/acp/test_tools.py - ImportError while importing test module '/Use...
ERROR tests/acp_adapter/test_acp_commands.py - ImportError while importing te...
ERROR tests/acp_adapter/test_acp_images.py - ImportError while importing test...
ERROR tests/gateway/test_api_server.py - ImportError while importing test mod...
ERROR tests/gateway/test_api_server_jobs.py - ImportError while importing tes...
ERROR tests/gateway/test_api_server_multimodal.py - ImportError while importi...
ERROR tests/gateway/test_api_server_runs.py - ImportError while importing tes...
ERROR tests/gateway/test_webhook_adapter.py - ImportError while importing tes...
ERROR tests/gateway/test_webhook_deliver_only.py - ImportError while importin...
ERROR tests/gateway/test_webhook_integration.py - ImportError while importing...
ERROR tests/gateway/test_webhook_signature_rate_limit.py - ImportError while ...
ERROR tests/hermes_cli/test_web_oauth_dispatch.py - ImportError while importi...
ERROR tests/integration/test_ha_integration.py - ImportError while importing ...
ERROR tests/plugins/test_kanban_dashboard_plugin.py - ImportError while impor...
ERROR tests/tools/test_browser_cdp_tool.py - ImportError while importing test...
ERROR tests/tools/test_browser_supervisor_healthcheck.py - ImportError while ...
= 199 failed, 23134 passed, 178 skipped, 2 xfailed, 78 warnings, 22 errors in 2046.49s (0:34:06) =

full_pytest_rc=1
